<?xml version="1.0" encoding="UTF-8"?>
<testng-results ignored="1" total="2" passed="1" failed="0" skipped="0">
  <reporter-output>
  </reporter-output>
  <suite started-at="2024-04-10T08:22:32 COT" name="Default suite" finished-at="2024-04-10T08:23:13 COT" duration-ms="41168">
    <groups>
    </groups>
    <test started-at="2024-04-10T08:22:32 COT" name="Default test" finished-at="2024-04-10T08:23:13 COT" duration-ms="41168">
      <class name="com.TestNG.RunPruebaNG">
        <test-method is-config="true" signature="beforeClass()[pri:0, instance:com.TestNG.RunPruebaNG@4c12331b]" started-at="2024-04-10T08:22:32 COT" name="beforeClass" finished-at="2024-04-10T08:22:45 COT" duration-ms="12851" status="PASS">
          <reporter-output>
          </reporter-output>
        </test-method> <!-- beforeClass -->
        <test-method signature="TestAlerts(java.lang.String,java.lang.String)[pri:0, instance:com.TestNG.RunPruebaNG@4c12331b]" started-at="2024-04-10T08:22:46 COT" name="TestAlerts" data-provider="excelAlerts" finished-at="2024-04-10T08:23:13 COT" duration-ms="26943" status="PASS">
          <params>
            <param index="0">
              <value>
                <![CDATA[Si]]>
              </value>
            </param>
            <param index="1">
              <value>
                <![CDATA[Andres Herrera]]>
              </value>
            </param>
          </params>
          <reporter-output>
          </reporter-output>
        </test-method> <!-- TestAlerts -->
        <test-method is-config="true" signature="afterClass()[pri:0, instance:com.TestNG.RunPruebaNG@4c12331b]" started-at="2024-04-10T08:23:13 COT" name="afterClass" finished-at="2024-04-10T08:23:13 COT" duration-ms="228" status="PASS">
          <reporter-output>
          </reporter-output>
        </test-method> <!-- afterClass -->
      </class> <!-- com.TestNG.RunPruebaNG -->
    </test> <!-- Default test -->
  </suite> <!-- Default suite -->
</testng-results>
